u =  0 petro =  0 dist[ 0][ 0] =    0 ---> v =  1 j =  9 dist[ 1][ 9] =   90
u =  0 petro =  0 dist[ 0][ 0] =    0 ---> v =  1 j = 10 dist[ 1][10] =  100
u =  0 petro =  0 dist[ 0][ 0] =    0 ---> v =  2 j =  8 dist[ 2][ 8] =   80
u =  0 petro =  0 dist[ 0][ 0] =    0 ---> v =  2 j =  9 dist[ 2][ 9] =   90
u =  0 petro =  0 dist[ 0][ 0] =    0 ---> v =  2 j = 10 dist[ 2][10] =  100
u =  2 petro =  8 dist[ 2][ 8] =   80 ---> v =  0 j =  8 dist[ 0][ 8] =  240
u =  2 petro =  8 dist[ 2][ 8] =   80 ---> v =  0 j =  9 dist[ 0][ 9] =  260
u =  2 petro =  8 dist[ 2][ 8] =   80 ---> v =  0 j = 10 dist[ 0][10] =  280
u =  2 petro =  8 dist[ 2][ 8] =   80 ---> v =  1 j =  1 dist[ 1][ 1] =  100
u =  2 petro =  8 dist[ 2][ 8] =   80 ---> v =  1 j =  2 dist[ 1][ 2] =  120
u =  2 petro =  8 dist[ 2][ 8] =   80 ---> v =  1 j =  3 dist[ 1][ 3] =  140
u =  2 petro =  8 dist[ 2][ 8] =   80 ---> v =  1 j =  4 dist[ 1][ 4] =  160
u =  2 petro =  8 dist[ 2][ 8] =   80 ---> v =  1 j =  5 dist[ 1][ 5] =  180
u =  2 petro =  8 dist[ 2][ 8] =   80 ---> v =  1 j =  6 dist[ 1][ 6] =  200
u =  2 petro =  8 dist[ 2][ 8] =   80 ---> v =  1 j =  7 dist[ 1][ 7] =  220
u =  2 petro =  8 dist[ 2][ 8] =   80 ---> v =  1 j =  8 dist[ 1][ 8] =  240
u =  2 petro =  8 dist[ 2][ 8] =   80 ---> v =  3 j =  7 dist[ 3][ 7] =  220
u =  2 petro =  8 dist[ 2][ 8] =   80 ---> v =  3 j =  8 dist[ 3][ 8] =  240
u =  2 petro =  8 dist[ 2][ 8] =   80 ---> v =  3 j =  9 dist[ 3][ 9] =  260
u =  2 petro =  8 dist[ 2][ 8] =   80 ---> v =  3 j = 10 dist[ 3][10] =  280
u =  1 petro =  9 dist[ 1][ 9] =   90 ---> v =  0 j =  9 dist[ 0][ 9] =  180
u =  1 petro =  9 dist[ 1][ 9] =   90 ---> v =  0 j = 10 dist[ 0][10] =  190
u =  1 petro =  9 dist[ 1][ 9] =   90 ---> v =  2 j =  1 dist[ 2][ 1] =  100
u =  1 petro =  9 dist[ 1][ 9] =   90 ---> v =  2 j =  2 dist[ 2][ 2] =  110
u =  1 petro =  9 dist[ 1][ 9] =   90 ---> v =  2 j =  3 dist[ 2][ 3] =  120
u =  1 petro =  9 dist[ 1][ 9] =   90 ---> v =  2 j =  4 dist[ 2][ 4] =  130
u =  1 petro =  9 dist[ 1][ 9] =   90 ---> v =  2 j =  5 dist[ 2][ 5] =  140
u =  1 petro =  9 dist[ 1][ 9] =   90 ---> v =  2 j =  6 dist[ 2][ 6] =  150
u =  1 petro =  9 dist[ 1][ 9] =   90 ---> v =  2 j =  7 dist[ 2][ 7] =  160
220
u =  1 petro =  0 dist[ 1][ 0] =    0 ---> v =  0 j =  9 dist[ 0][ 9] =   90
u =  1 petro =  0 dist[ 1][ 0] =    0 ---> v =  0 j = 10 dist[ 0][10] =  100
u =  1 petro =  0 dist[ 1][ 0] =    0 ---> v =  0 j = 11 dist[ 0][11] =  110
u =  1 petro =  0 dist[ 1][ 0] =    0 ---> v =  0 j = 12 dist[ 0][12] =  120
u =  1 petro =  0 dist[ 1][ 0] =    0 ---> v =  0 j = 13 dist[ 0][13] =  130
u =  1 petro =  0 dist[ 1][ 0] =    0 ---> v =  0 j = 14 dist[ 0][14] =  140
u =  1 petro =  0 dist[ 1][ 0] =    0 ---> v =  0 j = 15 dist[ 0][15] =  150
u =  1 petro =  0 dist[ 1][ 0] =    0 ---> v =  0 j = 16 dist[ 0][16] =  160
u =  1 petro =  0 dist[ 1][ 0] =    0 ---> v =  0 j = 17 dist[ 0][17] =  170
u =  1 petro =  0 dist[ 1][ 0] =    0 ---> v =  0 j = 18 dist[ 0][18] =  180
u =  1 petro =  0 dist[ 1][ 0] =    0 ---> v =  0 j = 19 dist[ 0][19] =  190
u =  1 petro =  0 dist[ 1][ 0] =    0 ---> v =  0 j = 20 dist[ 0][20] =  200
u =  1 petro =  0 dist[ 1][ 0] =    0 ---> v =  2 j =  1 dist[ 2][ 1] =   10
u =  1 petro =  0 dist[ 1][ 0] =    0 ---> v =  2 j =  2 dist[ 2][ 2] =   20
u =  1 petro =  0 dist[ 1][ 0] =    0 ---> v =  2 j =  3 dist[ 2][ 3] =   30
u =  1 petro =  0 dist[ 1][ 0] =    0 ---> v =  2 j =  4 dist[ 2][ 4] =   40
u =  1 petro =  0 dist[ 1][ 0] =    0 ---> v =  2 j =  5 dist[ 2][ 5] =   50
u =  1 petro =  0 dist[ 1][ 0] =    0 ---> v =  2 j =  6 dist[ 2][ 6] =   60
u =  1 petro =  0 dist[ 1][ 0] =    0 ---> v =  2 j =  7 dist[ 2][ 7] =   70
u =  1 petro =  0 dist[ 1][ 0] =    0 ---> v =  2 j =  8 dist[ 2][ 8] =   80
u =  1 petro =  0 dist[ 1][ 0] =    0 ---> v =  2 j =  9 dist[ 2][ 9] =   90
u =  1 petro =  0 dist[ 1][ 0] =    0 ---> v =  2 j = 10 dist[ 2][10] =  100
u =  1 petro =  0 dist[ 1][ 0] =    0 ---> v =  2 j = 11 dist[ 2][11] =  110
u =  1 petro =  0 dist[ 1][ 0] =    0 ---> v =  2 j = 12 dist[ 2][12] =  120
u =  1 petro =  0 dist[ 1][ 0] =    0 ---> v =  2 j = 13 dist[ 2][13] =  130
u =  1 petro =  0 dist[ 1][ 0] =    0 ---> v =  2 j = 14 dist[ 2][14] =  140
u =  1 petro =  0 dist[ 1][ 0] =    0 ---> v =  2 j = 15 dist[ 2][15] =  150
u =  1 petro =  0 dist[ 1][ 0] =    0 ---> v =  2 j = 16 dist[ 2][16] =  160
u =  1 petro =  0 dist[ 1][ 0] =    0 ---> v =  2 j = 17 dist[ 2][17] =  170
u =  1 petro =  0 dist[ 1][ 0] =    0 ---> v =  2 j = 18 dist[ 2][18] =  180
u =  1 petro =  0 dist[ 1][ 0] =    0 ---> v =  2 j = 19 dist[ 2][19] =  190
u =  1 petro =  0 dist[ 1][ 0] =    0 ---> v =  2 j = 20 dist[ 2][20] =  200
u =  1 petro =  0 dist[ 1][ 0] =    0 ---> v =  3 j = 11 dist[ 3][11] =  110
u =  1 petro =  0 dist[ 1][ 0] =    0 ---> v =  3 j = 12 dist[ 3][12] =  120
u =  1 petro =  0 dist[ 1][ 0] =    0 ---> v =  3 j = 13 dist[ 3][13] =  130
u =  1 petro =  0 dist[ 1][ 0] =    0 ---> v =  3 j = 14 dist[ 3][14] =  140
u =  1 petro =  0 dist[ 1][ 0] =    0 ---> v =  3 j = 15 dist[ 3][15] =  150
u =  1 petro =  0 dist[ 1][ 0] =    0 ---> v =  3 j = 16 dist[ 3][16] =  160
u =  1 petro =  0 dist[ 1][ 0] =    0 ---> v =  3 j = 17 dist[ 3][17] =  170
u =  1 petro =  0 dist[ 1][ 0] =    0 ---> v =  3 j = 18 dist[ 3][18] =  180
u =  1 petro =  0 dist[ 1][ 0] =    0 ---> v =  3 j = 19 dist[ 3][19] =  190
u =  1 petro =  0 dist[ 1][ 0] =    0 ---> v =  3 j = 20 dist[ 3][20] =  200
u =  2 petro =  1 dist[ 2][ 1] =   10 ---> v =  0 j =  8 dist[ 0][ 8] =  170
u =  2 petro =  1 dist[ 2][ 1] =   10 ---> v =  1 j =  1 dist[ 1][ 1] =   30
u =  2 petro =  1 dist[ 2][ 1] =   10 ---> v =  1 j =  2 dist[ 1][ 2] =   50
u =  2 petro =  1 dist[ 2][ 1] =   10 ---> v =  1 j =  3 dist[ 1][ 3] =   70
u =  2 petro =  1 dist[ 2][ 1] =   10 ---> v =  1 j =  4 dist[ 1][ 4] =   90
u =  2 petro =  1 dist[ 2][ 1] =   10 ---> v =  1 j =  5 dist[ 1][ 5] =  110
u =  2 petro =  1 dist[ 2][ 1] =   10 ---> v =  1 j =  6 dist[ 1][ 6] =  130
u =  2 petro =  1 dist[ 2][ 1] =   10 ---> v =  1 j =  7 dist[ 1][ 7] =  150
u =  2 petro =  1 dist[ 2][ 1] =   10 ---> v =  1 j =  8 dist[ 1][ 8] =  170
u =  2 petro =  1 dist[ 2][ 1] =   10 ---> v =  1 j =  9 dist[ 1][ 9] =  190
u =  2 petro =  1 dist[ 2][ 1] =   10 ---> v =  1 j = 10 dist[ 1][10] =  210
u =  2 petro =  1 dist[ 2][ 1] =   10 ---> v =  1 j = 11 dist[ 1][11] =  230
u =  2 petro =  1 dist[ 2][ 1] =   10 ---> v =  1 j = 12 dist[ 1][12] =  250
u =  2 petro =  1 dist[ 2][ 1] =   10 ---> v =  1 j = 13 dist[ 1][13] =  270
u =  2 petro =  1 dist[ 2][ 1] =   10 ---> v =  1 j = 14 dist[ 1][14] =  290
u =  2 petro =  1 dist[ 2][ 1] =   10 ---> v =  1 j = 15 dist[ 1][15] =  310
u =  2 petro =  1 dist[ 2][ 1] =   10 ---> v =  1 j = 16 dist[ 1][16] =  330
u =  2 petro =  1 dist[ 2][ 1] =   10 ---> v =  1 j = 17 dist[ 1][17] =  350
u =  2 petro =  1 dist[ 2][ 1] =   10 ---> v =  1 j = 18 dist[ 1][18] =  370
u =  2 petro =  1 dist[ 2][ 1] =   10 ---> v =  1 j = 19 dist[ 1][19] =  390
u =  2 petro =  1 dist[ 2][ 1] =   10 ---> v =  1 j = 20 dist[ 1][20] =  410
u =  2 petro =  1 dist[ 2][ 1] =   10 ---> v =  3 j =  7 dist[ 3][ 7] =  150
u =  2 petro =  1 dist[ 2][ 1] =   10 ---> v =  3 j =  8 dist[ 3][ 8] =  170
u =  2 petro =  1 dist[ 2][ 1] =   10 ---> v =  3 j =  9 dist[ 3][ 9] =  190
u =  2 petro =  1 dist[ 2][ 1] =   10 ---> v =  3 j = 10 dist[ 3][10] =  210
u =  0 petro =  9 dist[ 0][ 9] =   90 ---> v =  1 j =  9 dist[ 1][ 9] =  180
u =  0 petro =  9 dist[ 0][ 9] =   90 ---> v =  1 j = 10 dist[ 1][10] =  190
u =  0 petro =  9 dist[ 0][ 9] =   90 ---> v =  1 j = 11 dist[ 1][11] =  200
u =  0 petro =  9 dist[ 0][ 9] =   90 ---> v =  1 j = 12 dist[ 1][12] =  210
u =  0 petro =  9 dist[ 0][ 9] =   90 ---> v =  1 j = 13 dist[ 1][13] =  220
u =  0 petro =  9 dist[ 0][ 9] =   90 ---> v =  1 j = 14 dist[ 1][14] =  230
u =  0 petro =  9 dist[ 0][ 9] =   90 ---> v =  1 j = 15 dist[ 1][15] =  240
u =  0 petro =  9 dist[ 0][ 9] =   90 ---> v =  1 j = 16 dist[ 1][16] =  250
u =  0 petro =  9 dist[ 0][ 9] =   90 ---> v =  1 j = 17 dist[ 1][17] =  260
u =  0 petro =  9 dist[ 0][ 9] =   90 ---> v =  1 j = 18 dist[ 1][18] =  270
u =  0 petro =  9 dist[ 0][ 9] =   90 ---> v =  1 j = 19 dist[ 1][19] =  280
u =  0 petro =  9 dist[ 0][ 9] =   90 ---> v =  1 j = 20 dist[ 1][20] =  290
impossible
