--
rootroot0root
rootroot1root
rootroot2root
rootroot3root
rootroot4root
rootroot5root
rootroot6root
rootroot7root
rootroot8root
rootroot9root
2super2super02super
2super2super12super
2super2super22super
2super2super32super
2super2super42super
2super2super52super
2super2super62super
2super2super72super
2super2super82super
2super2super92super
rootrootrootrootrootrootrootroot0rootrootrootroot
rootrootrootrootrootrootrootroot1rootrootrootroot
rootrootrootrootrootrootrootroot2rootrootrootroot
rootrootrootrootrootrootrootroot3rootrootrootroot
rootrootrootrootrootrootrootroot4rootrootrootroot
rootrootrootrootrootrootrootroot5rootrootrootroot
rootrootrootrootrootrootrootroot6rootrootrootroot
rootrootrootrootrootrootrootroot7rootrootrootroot
rootrootrootrootrootrootrootroot8rootrootrootroot
rootrootrootrootrootrootrootroot9rootrootrootroot
--
admin0admin
admin1admin
admin2admin
admin3admin
admin4admin
admin5admin
admin6admin
admin7admin
admin8admin
admin9admin
bdmin0bdmin
bdmin1bdmin
bdmin2bdmin
bdmin3bdmin
bdmin4bdmin
bdmin5bdmin
bdmin6bdmin
bdmin7bdmin
bdmin8bdmin
bdmin9bdmin
11011
11111
11211
11311
11411
11511
11611
11711
11811
11911
22022
22122
22222
22322
22422
22522
22622
22722
22822
22922
0adminadmin0
0adminadmin1
0adminadmin2
0adminadmin3
0adminadmin4
0adminadmin5
0adminadmin6
0adminadmin7
0adminadmin8
0adminadmin9
1adminadmin0
1adminadmin1
1adminadmin2
1adminadmin3
1adminadmin4
1adminadmin5
1adminadmin6
1adminadmin7
1adminadmin8
1adminadmin9
2adminadmin0
2adminadmin1
2adminadmin2
2adminadmin3
2adminadmin4
2adminadmin5
2adminadmin6
2adminadmin7
2adminadmin8
2adminadmin9
3adminadmin0
3adminadmin1
3adminadmin2
3adminadmin3
3adminadmin4
3adminadmin5
3adminadmin6
3adminadmin7
3adminadmin8
3adminadmin9
4adminadmin0
4adminadmin1
4adminadmin2
4adminadmin3
4adminadmin4
4adminadmin5
4adminadmin6
4adminadmin7
4adminadmin8
4adminadmin9
5adminadmin0
5adminadmin1
5adminadmin2
5adminadmin3
5adminadmin4
5adminadmin5
5adminadmin6
5adminadmin7
5adminadmin8
5adminadmin9
6adminadmin0
6adminadmin1
6adminadmin2
6adminadmin3
6adminadmin4
6adminadmin5
6adminadmin6
6adminadmin7
6adminadmin8
6adminadmin9
7adminadmin0
7adminadmin1
7adminadmin2
7adminadmin3
7adminadmin4
7adminadmin5
7adminadmin6
7adminadmin7
7adminadmin8
7adminadmin9
8adminadmin0
8adminadmin1
8adminadmin2
8adminadmin3
8adminadmin4
8adminadmin5
8adminadmin6
8adminadmin7
8adminadmin8
8adminadmin9
9adminadmin0
9adminadmin1
9adminadmin2
9adminadmin3
9adminadmin4
9adminadmin5
9adminadmin6
9adminadmin7
9adminadmin8
9adminadmin9
0bdminbdmin0
0bdminbdmin1
0bdminbdmin2
0bdminbdmin3
0bdminbdmin4
0bdminbdmin5
0bdminbdmin6
0bdminbdmin7
0bdminbdmin8
0bdminbdmin9
1bdminbdmin0
1bdminbdmin1
1bdminbdmin2
1bdminbdmin3
1bdminbdmin4
1bdminbdmin5
1bdminbdmin6
1bdminbdmin7
1bdminbdmin8
1bdminbdmin9
2bdminbdmin0
2bdminbdmin1
2bdminbdmin2
2bdminbdmin3
2bdminbdmin4
2bdminbdmin5
2bdminbdmin6
2bdminbdmin7
2bdminbdmin8
2bdminbdmin9
3bdminbdmin0
3bdminbdmin1
3bdminbdmin2
3bdminbdmin3
3bdminbdmin4
3bdminbdmin5
3bdminbdmin6
3bdminbdmin7
3bdminbdmin8
3bdminbdmin9
4bdminbdmin0
4bdminbdmin1
4bdminbdmin2
4bdminbdmin3
4bdminbdmin4
4bdminbdmin5
4bdminbdmin6
4bdminbdmin7
4bdminbdmin8
4bdminbdmin9
5bdminbdmin0
5bdminbdmin1
5bdminbdmin2
5bdminbdmin3
5bdminbdmin4
5bdminbdmin5
5bdminbdmin6
5bdminbdmin7
5bdminbdmin8
5bdminbdmin9
6bdminbdmin0
6bdminbdmin1
6bdminbdmin2
6bdminbdmin3
6bdminbdmin4
6bdminbdmin5
6bdminbdmin6
6bdminbdmin7
6bdminbdmin8
6bdminbdmin9
7bdminbdmin0
7bdminbdmin1
7bdminbdmin2
7bdminbdmin3
7bdminbdmin4
7bdminbdmin5
7bdminbdmin6
7bdminbdmin7
7bdminbdmin8
7bdminbdmin9
8bdminbdmin0
8bdminbdmin1
8bdminbdmin2
8bdminbdmin3
8bdminbdmin4
8bdminbdmin5
8bdminbdmin6
8bdminbdmin7
8bdminbdmin8
8bdminbdmin9
9bdminbdmin0
9bdminbdmin1
9bdminbdmin2
9bdminbdmin3
9bdminbdmin4
9bdminbdmin5
9bdminbdmin6
9bdminbdmin7
9bdminbdmin8
9bdminbdmin9
011110
011111
011112
011113
011114
011115
011116
011117
011118
011119
111110
111111
111112
111113
111114
111115
111116
111117
111118
111119
211110
211111
211112
211113
211114
211115
211116
211117
211118
211119
311110
311111
311112
311113
311114
311115
311116
311117
311118
311119
411110
411111
411112
411113
411114
411115
411116
411117
411118
411119
511110
511111
511112
511113
511114
511115
511116
511117
511118
511119
611110
611111
611112
611113
611114
611115
611116
611117
611118
611119
711110
711111
711112
711113
711114
711115
711116
711117
711118
711119
811110
811111
811112
811113
811114
811115
811116
811117
811118
811119
911110
911111
911112
911113
911114
911115
911116
911117
911118
911119
022220
022221
022222
022223
022224
022225
022226
022227
022228
022229
122220
122221
122222
122223
122224
122225
122226
122227
122228
122229
222220
222221
222222
222223
222224
222225
222226
222227
222228
222229
322220
322221
322222
322223
322224
322225
322226
322227
322228
322229
422220
422221
422222
422223
422224
422225
422226
422227
422228
422229
522220
522221
522222
522223
522224
522225
522226
522227
522228
522229
622220
622221
622222
622223
622224
622225
622226
622227
622228
622229
722220
722221
722222
722223
722224
722225
722226
722227
722228
722229
822220
822221
822222
822223
822224
822225
822226
822227
822228
822229
922220
922221
922222
922223
922224
922225
922226
922227
922228
922229
--
01E1E
11E1E
21E1E
31E1E
41E1E
51E1E
61E1E
71E1E
81E1E
91E1E
02D2D
12D2D
22D2D
32D2D
42D2D
52D2D
62D2D
72D2D
82D2D
92D2D
05A5A
15A5A
25A5A
35A5A
45A5A
55A5A
65A5A
75A5A
85A5A
95A5A
03B3B
13B3B
23B3B
33B3B
43B3B
53B3B
63B3B
73B3B
83B3B
93B3B
04C4C
14C4C
24C4C
34C4C
44C4C
54C4C
64C4C
74C4C
84C4C
94C4C
