----------------------------------------
Dr. Tom Davis
Anystreet USA
Department: English Department
Home Phone: 555-2832
Work Phone: 555-2423
Campus Box: 823
----------------------------------------
Dr. Tom Eavis
Anystreet USA
Department: English Department
Home Phone: 555-2832
Work Phone: 555-2423
Campus Box: 823
----------------------------------------
Mr. John Euler
East Pleasure
Department: Computer Science
Home Phone: 555-1432
Work Phone: 555-2343
Campus Box: 126
----------------------------------------
Dr. Tom Favis
Anystreet USA
Department: English Department
Home Phone: 555-2832
Work Phone: 555-2423
Campus Box: 823
----------------------------------------
Dr. Tom Gavis
Anystreet USA
Department: English Department
Home Phone: 555-2832
Work Phone: 555-2423
Campus Box: 823
----------------------------------------
Dr. Tom Havis
Anystreet USA
Department: English Department
Home Phone: 555-2832
Work Phone: 555-2423
Campus Box: 823
----------------------------------------
Dr. Tom IDavis
Anystreet USA
Department: English Department
Home Phone: 555-2832
Work Phone: 555-2423
Campus Box: 823
----------------------------------------
Mrs. Jessica Jembeck
Center Street
Department: English Department
Home Phone: 555-2543
Work Phone: 555-8584
Campus Box: 928
----------------------------------------
Mrs. Jessica Kembeck
Center Street
Department: English Department
Home Phone: 555-2543
Work Phone: 555-8584
Campus Box: 928
----------------------------------------
Mrs. Jessica Membeck
Center Street
Department: English Department
Home Phone: 555-2543
Work Phone: 555-8584
Campus Box: 928
----------------------------------------
Mrs. Jessica Nembeck
Center Street
Department: English Department
Home Phone: 555-2543
Work Phone: 555-8584
Campus Box: 928
----------------------------------------
Mrs. Jessica Oembeck
Center Street
Department: English Department
Home Phone: 555-2543
Work Phone: 555-8584
Campus Box: 928
----------------------------------------
Mrs. Jessica Pembeck
Center Street
Department: English Department
Home Phone: 555-2543
Work Phone: 555-8584
Campus Box: 928
