-1.000000 1.000000 0.000000 0.000000
T
-3.000000 3.000000 3.000000 -4.000000
T
-5.000000 5.000000 3.000000 0.000000
F
1.000000 2.000000 3.000000 0.000000
F
-4.000000 0.000000 -1.000000 -2.000000
F
-5.000000 3.000000 3.000000 0.000000
F
-1.000000 1.000000 -1.000000 -1.000000
F
3.000000 0.000000 4.000000 -2.000000
F
-1.000000 -1.000000 4.000000 -1.000000
F
-3.000000 4.000000 3.000000 -1.000000
F
-5.000000 2.000000 -2.000000 -1.000000
T
0.000000 5.000000 4.000000 4.000000
F
-1.000000 -2.000000 0.000000 -5.000000
F
-3.000000 1.000000 1.000000 -2.000000
F
3.000000 5.000000 5.000000 5.000000
F
3.000000 5.000000 4.000000 3.000000
F
-4.000000 -2.000000 -1.000000 -5.000000
T
-3.000000 4.000000 5.000000 1.000000
F
2.000000 -4.000000 5.000000 -5.000000
F
-5.000000 1.000000 -5.000000 0.000000
F
4.000000 2.000000 5.000000 0.000000
F
-4.000000 0.000000 0.000000 -2.000000
F
0.000000 2.000000 4.000000 0.000000
T
0.000000 0.000000 5.000000 0.000000
F
-4.000000 -1.000000 -1.000000 -5.000000
F
-4.000000 4.000000 3.000000 -3.000000
T
-3.000000 0.000000 3.000000 0.000000
F
1.000000 5.000000 2.000000 -4.000000
F
-4.000000 5.000000 4.000000 5.000000
F
5.000000 4.000000 5.000000 -2.000000
F
-1.000000 0.000000 2.000000 -3.000000
T
-5.000000 1.000000 2.000000 -4.000000
T
1.000000 4.000000 5.000000 1.000000
F
-5.000000 5.000000 2.000000 0.000000
F
-3.000000 -2.000000 -2.000000 -4.000000
F
1.000000 5.000000 1.000000 1.000000
F
-2.000000 5.000000 1.000000 -3.000000
T
1.000000 -1.000000 4.000000 -4.000000
F
4.000000 -4.000000 5.000000 -5.000000
T
-5.000000 5.000000 1.000000 -1.000000
T
-5.000000 3.000000 2.000000 -2.000000
T
-1.000000 4.000000 -1.000000 -2.000000
F
-5.000000 2.000000 4.000000 -2.000000
T
-5.000000 3.000000 5.000000 -3.000000
T
-1.000000 2.000000 5.000000 0.000000
F
1.000000 -3.000000 1.000000 -5.000000
F
5.000000 4.000000 5.000000 3.000000
F
1.000000 -2.000000 5.000000 -3.000000
F
0.000000 4.000000 0.000000 1.000000
T
1.000000 5.000000 5.000000 -5.000000
T
3.000000 0.000000 5.000000 -2.000000
F
-5.000000 2.000000 -3.000000 -5.000000
T
-5.000000 1.000000 5.000000 -1.000000
T
2.000000 -2.000000 5.000000 -4.000000
F
0.000000 5.000000 4.000000 0.000000
T
-5.000000 5.000000 3.000000 3.000000
F
3.000000 2.000000 5.000000 -4.000000
F
0.000000 4.000000 3.000000 0.000000
T
-5.000000 1.000000 -2.000000 -3.000000
F
-1.000000 5.000000 1.000000 -4.000000
F
-5.000000 5.000000 3.000000 1.000000
F
-4.000000 -1.000000 3.000000 -3.000000
F
-2.000000 5.000000 1.000000 1.000000
F
-4.000000 1.000000 1.000000 -5.000000
F
0.000000 -4.000000 2.000000 -5.000000
F
-3.000000 1.000000 4.000000 -1.000000
F
4.000000 4.000000 5.000000 -3.000000
F
-4.000000 1.000000 0.000000 -2.000000
F
0.000000 5.000000 5.000000 0.000000
F
1.000000 1.000000 5.000000 -1.000000
F
-4.000000 5.000000 -3.000000 4.000000
F
0.000000 0.000000 3.000000 -5.000000
F
-1.000000 -2.000000 1.000000 -5.000000
T
-5.000000 5.000000 2.000000 3.000000
F
-1.000000 2.000000 1.000000 0.000000
F
0.000000 4.000000 3.000000 0.000000
F
-2.000000 5.000000 -1.000000 -5.000000
F
-4.000000 1.000000 3.000000 -3.000000
F
1.000000 5.000000 4.000000 0.000000
T
-3.000000 3.000000 4.000000 -2.000000
F
0.000000 5.000000 4.000000 -3.000000
T
3.000000 3.000000 4.000000 -2.000000
F
-1.000000 1.000000 2.000000 -4.000000
F
-5.000000 5.000000 -4.000000 4.000000
T
-2.000000 2.000000 1.000000 1.000000
F
-1.000000 4.000000 4.000000 -5.000000
T
3.000000 1.000000 4.000000 -5.000000
F
-3.000000 4.000000 -2.000000 1.000000
F
-3.000000 5.000000 5.000000 0.000000
T
-2.000000 0.000000 2.000000 -1.000000
F
-4.000000 1.000000 -3.000000 -4.000000
F
-3.000000 -1.000000 4.000000 -5.000000
F
1.000000 2.000000 5.000000 0.000000
T
0.000000 4.000000 3.000000 -1.000000
F
-1.000000 0.000000 2.000000 -5.000000
F
-3.000000 4.000000 -2.000000 -5.000000
F
-2.000000 5.000000 4.000000 -5.000000
T
-4.000000 5.000000 2.000000 -3.000000
F
3.000000 5.000000 4.000000 5.000000
F
-5.000000 4.000000 0.000000 3.000000
F
-2.000000 -1.000000 2.000000 -4.000000
T
-4.000000 0.000000 -3.000000 -2.000000
F
-3.000000 3.000000 0.000000 2.000000
T
-1.000000 5.000000 1.000000 -3.000000
T
-4.000000 2.000000 5.000000 -4.000000
T
-1.000000 3.000000 3.000000 1.000000
F
1.000000 3.000000 1.000000 1.000000
F
-3.000000 -1.000000 0.000000 -4.000000
T
2.000000 -2.000000 5.000000 -4.000000
F
-1.000000 4.000000 0.000000 -4.000000
F
-4.000000 3.000000 0.000000 -5.000000
F
4.000000 5.000000 5.000000 0.000000
F
-4.000000 1.000000 3.000000 0.000000
F
-4.000000 0.000000 2.000000 -4.000000
F
-5.000000 0.000000 3.000000 -1.000000
T
-5.000000 -3.000000 -2.000000 -5.000000
F
-2.000000 2.000000 4.000000 -5.000000
F
-4.000000 0.000000 0.000000 -1.000000
F
-4.000000 4.000000 3.000000 -3.000000
F
-1.000000 1.000000 2.000000 -1.000000
F
-1.000000 4.000000 5.000000 3.000000
F
1.000000 1.000000 4.000000 -2.000000
F
-4.000000 4.000000 -4.000000 -3.000000
F
-3.000000 -2.000000 2.000000 -5.000000
F
-4.000000 3.000000 -1.000000 -5.000000
T
-5.000000 3.000000 -2.000000 3.000000
F
3.000000 3.000000 5.000000 -4.000000
T
-3.000000 4.000000 2.000000 -5.000000
F
-2.000000 1.000000 -1.000000 -2.000000
F
-4.000000 5.000000 0.000000 2.000000
T
-1.000000 1.000000 3.000000 -4.000000
F
-1.000000 4.000000 1.000000 -3.000000
F
1.000000 5.000000 4.000000 5.000000
F
-3.000000 4.000000 -2.000000 -5.000000
F
0.000000 3.000000 0.000000 -1.000000
F
-3.000000 1.000000 2.000000 -3.000000
F
-5.000000 3.000000 1.000000 -2.000000
F
-5.000000 5.000000 -4.000000 0.000000
F
-3.000000 1.000000 3.000000 -1.000000
F
-3.000000 2.000000 -3.000000 -2.000000
F
0.000000 0.000000 3.000000 -2.000000
F
1.000000 -1.000000 4.000000 -4.000000
F
-2.000000 1.000000 -1.000000 1.000000
F
-4.000000 1.000000 -3.000000 -3.000000
F
3.000000 2.000000 3.000000 -4.000000
F
-1.000000 0.000000 0.000000 -1.000000
F
2.000000 0.000000 4.000000 -1.000000
F
-5.000000 5.000000 1.000000 4.000000
F
0.000000 4.000000 1.000000 2.000000
F
-1.000000 4.000000 -1.000000 -4.000000
T
0.000000 1.000000 1.000000 -1.000000
F
-1.000000 0.000000 -1.000000 -2.000000
F
-4.000000 0.000000 2.000000 -3.000000
F
-5.000000 3.000000 -5.000000 -4.000000
F
-1.000000 5.000000 3.000000 4.000000
F
-1.000000 0.000000 0.000000 -5.000000
T
-3.000000 5.000000 2.000000 5.000000
F
-4.000000 5.000000 3.000000 -3.000000
F
-3.000000 5.000000 0.000000 1.000000
F
-4.000000 3.000000 -1.000000 -2.000000
F
-1.000000 5.000000 4.000000 0.000000
F
0.000000 3.000000 2.000000 1.000000
F
-4.000000 4.000000 1.000000 3.000000
F
-4.000000 4.000000 2.000000 4.000000
F
5.000000 1.000000 5.000000 -3.000000
F
-3.000000 0.000000 0.000000 -3.000000
F
-2.000000 -2.000000 0.000000 -3.000000
F
-5.000000 4.000000 -4.000000 3.000000
F
-2.000000 4.000000 2.000000 4.000000
F
4.000000 5.000000 5.000000 0.000000
F
-3.000000 2.000000 0.000000 1.000000
F
3.000000 3.000000 4.000000 1.000000
F
2.000000 4.000000 3.000000 -3.000000
T
0.000000 -1.000000 4.000000 -3.000000
T
-5.000000 -3.000000 4.000000 -4.000000
F
-3.000000 4.000000 -3.000000 0.000000
F
-1.000000 -3.000000 0.000000 -3.000000
F
-5.000000 -1.000000 0.000000 -3.000000
T
-3.000000 -1.000000 1.000000 -4.000000
F
2.000000 5.000000 3.000000 -5.000000
F
-1.000000 -1.000000 0.000000 -3.000000
F
-1.000000 5.000000 3.000000 3.000000
F
-3.000000 3.000000 5.000000 -3.000000
F
-4.000000 4.000000 2.000000 -2.000000
F
-3.000000 5.000000 1.000000 -2.000000
F
-3.000000 -1.000000 3.000000 -4.000000
F
1.000000 3.000000 5.000000 2.000000
F
0.000000 0.000000 5.000000 -3.000000
F
-4.000000 0.000000 -4.000000 -5.000000
F
-3.000000 5.000000 -2.000000 3.000000
F
-3.000000 3.000000 2.000000 -5.000000
F
-4.000000 1.000000 3.000000 0.000000
F
-4.000000 -1.000000 -2.000000 -1.000000
F
-2.000000 0.000000 1.000000 -3.000000
F
-4.000000 1.000000 3.000000 0.000000
F
-5.000000 3.000000 -3.000000 3.000000
F
1.000000 -2.000000 1.000000 -4.000000
F
-3.000000 -2.000000 1.000000 -3.000000
F
5.000000 0.000000 5.000000 0.000000
F
0.000000 -1.000000 1.000000 -3.000000
F
5.000000 -3.000000 5.000000 -4.000000
F
-5.000000 -1.000000 -2.000000 -2.000000
F
-3.000000 2.000000 -1.000000 -4.000000
F
-5.000000 0.000000 -4.000000 -3.000000
F
-2.000000 2.000000 3.000000 -2.000000
F
-3.000000 3.000000 -2.000000 0.000000
T
0.000000 -3.000000 3.000000 -4.000000
F
-2.000000 3.000000 1.000000 -3.000000
T
-3.000000 4.000000 -3.000000 0.000000
F
-2.000000 5.000000 4.000000 -5.000000
F
0.000000 5.000000 1.000000 4.000000
F
-5.000000 2.000000 -4.000000 -3.000000
F
-5.000000 -3.000000 5.000000 -5.000000
F
3.000000 -3.000000 4.000000 -4.000000
F
-1.000000 -2.000000 4.000000 -3.000000
T
-1.000000 3.000000 5.000000 3.000000
F
-2.000000 -3.000000 4.000000 -3.000000
T
0.000000 -3.000000 5.000000 -4.000000
F
-2.000000 4.000000 0.000000 4.000000
F
-5.000000 0.000000 -3.000000 -1.000000
T
3.000000 5.000000 5.000000 -2.000000
F
-2.000000 -2.000000 0.000000 -5.000000
T
-4.000000 4.000000 -1.000000 1.000000
F
-5.000000 0.000000 0.000000 -3.000000
F
2.000000 3.000000 5.000000 0.000000
F
-4.000000 5.000000 2.000000 0.000000
F
-2.000000 2.000000 5.000000 0.000000
F
-5.000000 2.000000 3.000000 -2.000000
T
0.000000 1.000000 4.000000 1.000000
F
1.000000 -1.000000 2.000000 -4.000000
F
-5.000000 1.000000 1.000000 -5.000000
F
-3.000000 -2.000000 -2.000000 -5.000000
F
-3.000000 3.000000 -1.000000 -3.000000
F
1.000000 -2.000000 4.000000 -4.000000
F
-4.000000 0.000000 2.000000 -1.000000
F
-3.000000 2.000000 2.000000 2.000000
F
-4.000000 5.000000 -1.000000 0.000000
F
-5.000000 1.000000 -3.000000 -2.000000
F
-4.000000 1.000000 4.000000 -1.000000
F
1.000000 -2.000000 4.000000 -3.000000
F
-3.000000 1.000000 -1.000000 -5.000000
F
-3.000000 4.000000 3.000000 -5.000000
T
1.000000 5.000000 2.000000 3.000000
F
-4.000000 0.000000 4.000000 -3.000000
T
-2.000000 5.000000 1.000000 -1.000000
T
2.000000 2.000000 5.000000 -4.000000
F
-2.000000 -4.000000 2.000000 -5.000000
F
-3.000000 4.000000 3.000000 0.000000
F
5.000000 5.000000 5.000000 5.000000
F
2.000000 2.000000 3.000000 0.000000
F
2.000000 -2.000000 5.000000 -4.000000
F
-4.000000 5.000000 -2.000000 2.000000
T
-4.000000 4.000000 -4.000000 0.000000
F
4.000000 -1.000000 5.000000 -3.000000
F
-5.000000 4.000000 0.000000 -1.000000
F
-4.000000 3.000000 -3.000000 -2.000000
T
-5.000000 4.000000 -2.000000 -5.000000
T
1.000000 3.000000 5.000000 1.000000
T
2.000000 2.000000 2.000000 -4.000000
F
-4.000000 1.000000 3.000000 0.000000
F
-2.000000 3.000000 -1.000000 -5.000000
F
-4.000000 5.000000 3.000000 -2.000000
T
-1.000000 5.000000 3.000000 1.000000
T
-2.000000 1.000000 -2.000000 -3.000000
F
-5.000000 3.000000 4.000000 -4.000000
T
0.000000 0.000000 2.000000 0.000000
F
-5.000000 4.000000 4.000000 0.000000
T
2.000000 3.000000 2.000000 1.000000
F
-5.000000 3.000000 2.000000 0.000000
F
-1.000000 2.000000 1.000000 -2.000000
F
-3.000000 5.000000 -2.000000 -4.000000
F
-3.000000 5.000000 3.000000 0.000000
F
1.000000 5.000000 2.000000 1.000000
F
-1.000000 -1.000000 3.000000 -1.000000
F
-2.000000 -4.000000 1.000000 -4.000000
F
-3.000000 -1.000000 4.000000 -2.000000
T
-1.000000 5.000000 0.000000 -3.000000
T
-2.000000 5.000000 4.000000 -2.000000
F
-2.000000 -4.000000 5.000000 -5.000000
F
1.000000 -1.000000 1.000000 -4.000000
F
0.000000 0.000000 4.000000 -2.000000
F
-3.000000 0.000000 2.000000 -4.000000
F
-5.000000 -3.000000 0.000000 -4.000000
T
0.000000 5.000000 0.000000 -2.000000
F
2.000000 2.000000 5.000000 -4.000000
T
2.000000 5.000000 3.000000 -3.000000
F
-5.000000 3.000000 -1.000000 3.000000
F
4.000000 4.000000 5.000000 -2.000000
F
-3.000000 2.000000 2.000000 1.000000
F
-4.000000 5.000000 4.000000 0.000000
F
-2.000000 0.000000 3.000000 -5.000000
F
-1.000000 5.000000 3.000000 -1.000000
T
-5.000000 2.000000 4.000000 0.000000
F
-1.000000 4.000000 3.000000 2.000000
F
1.000000 3.000000 1.000000 -3.000000
F
4.000000 4.000000 5.000000 0.000000
F
-4.000000 4.000000 4.000000 4.000000
F
-3.000000 4.000000 1.000000 -4.000000
F
-5.000000 3.000000 -4.000000 -5.000000
F
-3.000000 5.000000 1.000000 -5.000000
F
-4.000000 3.000000 5.000000 -5.000000
T
1.000000 5.000000 2.000000 -5.000000
F
-1.000000 2.000000 2.000000 -5.000000
F
-3.000000 2.000000 -1.000000 1.000000
F
-3.000000 5.000000 5.000000 1.000000
F
0.000000 5.000000 5.000000 3.000000
F
-2.000000 0.000000 -1.000000 -4.000000
F
-5.000000 3.000000 0.000000 -3.000000
T
-4.000000 4.000000 0.000000 -1.000000
T
-5.000000 5.000000 0.000000 -5.000000
F
-2.000000 5.000000 -1.000000 5.000000
F
0.000000 4.000000 4.000000 -5.000000
T
-4.000000 1.000000 -1.000000 -3.000000
T
-4.000000 -5.000000 2.000000 -5.000000
F
2.000000 -2.000000 3.000000 -3.000000
F
-2.000000 0.000000 0.000000 -1.000000
F
1.000000 4.000000 2.000000 4.000000
F
-2.000000 3.000000 3.000000 2.000000
T
1.000000 5.000000 5.000000 -2.000000
F
-3.000000 1.000000 -1.000000 -1.000000
T
-5.000000 5.000000 3.000000 -1.000000
F
-5.000000 1.000000 0.000000 1.000000
F
-3.000000 4.000000 -3.000000 1.000000
F
-5.000000 1.000000 4.000000 0.000000
F
-2.000000 4.000000 5.000000 -1.000000
F
-5.000000 -5.000000 0.000000 -5.000000
F
2.000000 1.000000 4.000000 -5.000000
F
-2.000000 5.000000 3.000000 3.000000
F
-2.000000 -2.000000 1.000000 -2.000000
F
-2.000000 4.000000 -1.000000 -5.000000
F
-4.000000 1.000000 1.000000 -5.000000
F
-4.000000 1.000000 2.000000 -5.000000
F
2.000000 4.000000 3.000000 -1.000000
T
4.000000 -2.000000 4.000000 -3.000000
F
-2.000000 1.000000 3.000000 -5.000000
F
-4.000000 5.000000 2.000000 3.000000
F
-3.000000 4.000000 -1.000000 0.000000
F
4.000000 3.000000 4.000000 -5.000000
T
-5.000000 5.000000 5.000000 0.000000
T
2.000000 5.000000 4.000000 -2.000000
F
-4.000000 1.000000 -4.000000 -2.000000
F
-1.000000 4.000000 4.000000 -5.000000
F
-5.000000 4.000000 5.000000 -4.000000
F
-5.000000 4.000000 5.000000 1.000000
T
-4.000000 4.000000 1.000000 -1.000000
T
-4.000000 -2.000000 5.000000 -5.000000
F
1.000000 5.000000 3.000000 1.000000
F
4.000000 5.000000 5.000000 0.000000
F
-2.000000 5.000000 0.000000 -3.000000
F
3.000000 4.000000 3.000000 -2.000000
F
-4.000000 2.000000 -2.000000 -1.000000
T
-3.000000 2.000000 -3.000000 1.000000
T
-1.000000 4.000000 1.000000 2.000000
F
5.000000 5.000000 5.000000 -1.000000
F
4.000000 4.000000 5.000000 3.000000
F
-5.000000 1.000000 -5.000000 -4.000000
F
2.000000 4.000000 5.000000 3.000000
F
-4.000000 1.000000 1.000000 -4.000000
T
-5.000000 4.000000 -1.000000 3.000000
F
-3.000000 4.000000 -1.000000 -5.000000
T
-1.000000 3.000000 2.000000 3.000000
F
-5.000000 3.000000 2.000000 -4.000000
F
-1.000000 -2.000000 1.000000 -3.000000
F
2.000000 -1.000000 5.000000 -3.000000
T
-5.000000 5.000000 5.000000 -2.000000
T
-2.000000 5.000000 3.000000 -3.000000
F
-5.000000 -2.000000 1.000000 -5.000000
F
-4.000000 2.000000 3.000000 -3.000000
T
1.000000 0.000000 2.000000 -2.000000
T
-3.000000 5.000000 1.000000 -4.000000
T
-1.000000 5.000000 0.000000 3.000000
F
-5.000000 3.000000 1.000000 3.000000
F
-1.000000 4.000000 2.000000 0.000000
F
-5.000000 5.000000 3.000000 -1.000000
T
0.000000 0.000000 2.000000 -5.000000
F
2.000000 1.000000 3.000000 -2.000000
F
0.000000 4.000000 2.000000 1.000000
F
2.000000 1.000000 4.000000 -1.000000
F
-5.000000 3.000000 -3.000000 -5.000000
F
2.000000 3.000000 2.000000 -1.000000
F
-1.000000 1.000000 2.000000 -4.000000
T
-2.000000 -1.000000 -1.000000 -5.000000
F
2.000000 0.000000 4.000000 -2.000000
T
-4.000000 1.000000 4.000000 0.000000
F
-4.000000 5.000000 3.000000 1.000000
F
-3.000000 0.000000 3.000000 -3.000000
F
-2.000000 1.000000 5.000000 -2.000000
T
-4.000000 4.000000 3.000000 2.000000
F
-1.000000 3.000000 -1.000000 -4.000000
T
-2.000000 3.000000 4.000000 -4.000000
F
-2.000000 5.000000 5.000000 0.000000
T
-1.000000 2.000000 2.000000 0.000000
F
-5.000000 3.000000 -1.000000 0.000000
F
5.000000 -2.000000 5.000000 -5.000000
F
-1.000000 -2.000000 3.000000 -3.000000
T
-5.000000 5.000000 5.000000 3.000000
F
0.000000 2.000000 4.000000 1.000000
F
1.000000 -2.000000 5.000000 -3.000000
F
-3.000000 -2.000000 0.000000 -5.000000
F
-5.000000 5.000000 3.000000 -4.000000
T
-1.000000 0.000000 -1.000000 -3.000000
F
-5.000000 5.000000 2.000000 -2.000000
F
2.000000 3.000000 3.000000 3.000000
F
-3.000000 3.000000 0.000000 3.000000
F
1.000000 2.000000 4.000000 2.000000
T
-5.000000 3.000000 -4.000000 2.000000
F
-4.000000 0.000000 2.000000 -5.000000
F
-5.000000 -5.000000 -4.000000 -5.000000
T
-3.000000 -3.000000 1.000000 -4.000000
F
-1.000000 -4.000000 1.000000 -4.000000
T
-4.000000 2.000000 3.000000 -5.000000
T
-3.000000 5.000000 -3.000000 -1.000000
T
2.000000 5.000000 3.000000 1.000000
F
-4.000000 3.000000 3.000000 -1.000000
F
1.000000 2.000000 5.000000 -5.000000
F
-1.000000 -2.000000 4.000000 -3.000000
F
-5.000000 -2.000000 1.000000 -4.000000
F
-1.000000 4.000000 1.000000 2.000000
F
-1.000000 1.000000 0.000000 -4.000000
T
-5.000000 -2.000000 0.000000 -3.000000
F
-2.000000 5.000000 4.000000 -5.000000
F
-3.000000 0.000000 -1.000000 -4.000000
F
1.000000 5.000000 3.000000 -5.000000
F
0.000000 5.000000 5.000000 3.000000
T
-4.000000 -4.000000 -2.000000 -4.000000
F
-4.000000 0.000000 3.000000 -2.000000
F
-1.000000 -1.000000 5.000000 -2.000000
F
-5.000000 0.000000 -2.000000 -4.000000
F
-2.000000 4.000000 5.000000 1.000000
F
-3.000000 1.000000 -3.000000 0.000000
T
-1.000000 4.000000 2.000000 4.000000
F
-3.000000 -2.000000 0.000000 -3.000000
T
-5.000000 4.000000 -2.000000 -5.000000
F
1.000000 1.000000 4.000000 -2.000000
T
-1.000000 -1.000000 0.000000 -1.000000
F
-5.000000 3.000000 -5.000000 -5.000000
T
-5.000000 3.000000 3.000000 0.000000
T
3.000000 4.000000 3.000000 4.000000
F
-2.000000 4.000000 5.000000 -1.000000
F
-2.000000 2.000000 3.000000 -4.000000
F
0.000000 -2.000000 3.000000 -5.000000
F
-2.000000 5.000000 4.000000 -4.000000
T
-1.000000 0.000000 5.000000 -3.000000
T
-2.000000 2.000000 1.000000 -2.000000
F
-5.000000 -3.000000 0.000000 -4.000000
F
-5.000000 5.000000 -2.000000 0.000000
F
-4.000000 0.000000 -3.000000 -4.000000
F
3.000000 -1.000000 4.000000 -2.000000
F
-4.000000 2.000000 1.000000 1.000000
F
-3.000000 2.000000 2.000000 -3.000000
F
-5.000000 5.000000 3.000000 -4.000000
F
3.000000 5.000000 4.000000 4.000000
F
1.000000 2.000000 5.000000 1.000000
F
-4.000000 2.000000 2.000000 -3.000000
T
-5.000000 -3.000000 1.000000 -5.000000
F
-3.000000 0.000000 -2.000000 -1.000000
T
2.000000 3.000000 5.000000 -4.000000
F
-4.000000 -2.000000 3.000000 -3.000000
F
-5.000000 2.000000 0.000000 1.000000
F
2.000000 1.000000 2.000000 -4.000000
F
3.000000 3.000000 5.000000 0.000000
F
4.000000 -3.000000 5.000000 -3.000000
F
0.000000 1.000000 5.000000 0.000000
F
-5.000000 3.000000 -3.000000 -3.000000
F
2.000000 3.000000 2.000000 -3.000000
F
0.000000 -1.000000 1.000000 -2.000000
F
-4.000000 4.000000 -4.000000 2.000000
F
1.000000 4.000000 1.000000 3.000000
F
-3.000000 3.000000 4.000000 -4.000000
T
-5.000000 4.000000 0.000000 4.000000
F
2.000000 -1.000000 2.000000 -2.000000
F
0.000000 1.000000 1.000000 -3.000000
F
-5.000000 -3.000000 0.000000 -5.000000
F
-4.000000 4.000000 4.000000 -5.000000
T
-4.000000 0.000000 1.000000 -5.000000
T
1.000000 -2.000000 5.000000 -5.000000
F
-2.000000 1.000000 1.000000 -3.000000
F
0.000000 3.000000 1.000000 1.000000
F
-4.000000 3.000000 3.000000 -2.000000
F
-3.000000 5.000000 -3.000000 -2.000000
T
-3.000000 0.000000 -2.000000 -1.000000
F
-4.000000 2.000000 -1.000000 -1.000000
F
-5.000000 2.000000 1.000000 1.000000
F
-5.000000 3.000000 5.000000 -2.000000
T
-4.000000 5.000000 -2.000000 3.000000
F
2.000000 -3.000000 2.000000 -4.000000
F
-1.000000 3.000000 5.000000 0.000000
T
-3.000000 2.000000 3.000000 1.000000
F
-5.000000 3.000000 1.000000 -3.000000
T
1.000000 4.000000 1.000000 4.000000
F
3.000000 0.000000 5.000000 0.000000
F
-5.000000 0.000000 4.000000 -5.000000
T
5.000000 1.000000 5.000000 -3.000000
F
-2.000000 4.000000 1.000000 3.000000
F
0.000000 -1.000000 4.000000 -3.000000
F
1.000000 -1.000000 5.000000 -4.000000
F
1.000000 0.000000 4.000000 -5.000000
T
-3.000000 -1.000000 -2.000000 -2.000000
F
-4.000000 4.000000 5.000000 -1.000000
F
-4.000000 4.000000 5.000000 -1.000000
F
